<?xml version="1.0" encoding="UTF-8"?>
<!-- Generated by org.testng.reporters.JUnitXMLReporter -->
<testsuite hostname="JAY" ignored="3" name="Test" tests="2" failures="0" timestamp="27 Sep 2018 11:59:29 GMT" time="28.714" errors="0">
  <testcase name="Login" time="20.944" classname="com.hsbcnet.testcases.LoginTest"/>
  <testcase name="verifyLogin" time="0.324" classname="com.hsbcnet.testcases.DashBoardTest"/>
  <testcase name="@AfterSuite closeBrowser" time="0.0" classname="com.hsbcnet.base.BaseTest">
    <ignored/>
  </testcase> <!-- @AfterSuite closeBrowser -->
  <testcase name="@BeforeSuite setProperty" time="0.0" classname="com.hsbcnet.base.BaseTest">
    <ignored/>
  </testcase> <!-- @BeforeSuite setProperty -->
  <testcase name="@BeforeTest setURL" time="0.0" classname="com.hsbcnet.base.BaseTest">
    <ignored/>
  </testcase> <!-- @BeforeTest setURL -->
</testsuite> <!-- Test -->
